# JRE version: Java(TM) SE Runtime Environment (8.0_51-b16) (build 1.8.0_51-b16)
# Java VM: Java HotSpot(TM) 64-Bit Server VM (25.51-b03 mixed mode windows-amd64 compressed oops)
Heap:
 PSYoungGen      total 199168K, used 41466K [0x00000000d5f00000, 0x00000000e6d00000, 0x0000000100000000)
  eden space 173056K, 23% used [0x00000000d5f00000,0x00000000d877eaa8,0x00000000e0800000)
  from space 26112K, 0% used [0x00000000e0800000,0x00000000e0800000,0x00000000e2180000)
  to   space 26112K, 0% used [0x00000000e5380000,0x00000000e5380000,0x00000000e6d00000)
 ParOldGen       total 142848K, used 55497K [0x0000000081c00000, 0x000000008a780000, 0x00000000d5f00000)
  object space 142848K, 38% used [0x0000000081c00000,0x00000000852325b8,0x000000008a780000)
 Metaspace       used 36650K, capacity 37564K, committed 37632K, reserved 1083392K
  class space    used 4040K, capacity 4338K, committed 4352K, reserved 1048576K
GC Heap History (10 events):
Event: 8.504 GC heap before
{Heap before GC invocations=9 (full 1):
 PSYoungGen      total 146432K, used 11987K [0x00000000d5f00000, 0x00000000dff00000, 0x0000000100000000)
  eden space 132096K, 0% used [0x00000000d5f00000,0x00000000d5f00000,0x00000000de000000)
  from space 14336K, 83% used [0x00000000def00000,0x00000000dfab4cd0,0x00000000dfd00000)
  to   space 15360K, 0% used [0x00000000de000000,0x00000000de000000,0x00000000def00000)
 ParOldGen       total 87552K, used 19161K [0x0000000081c00000, 0x0000000087180000, 0x00000000d5f00000)
  object space 87552K, 21% used [0x0000000081c00000,0x0000000082eb65f8,0x0000000087180000)
 Metaspace       used 20715K, capacity 21244K, committed 21248K, reserved 1069056K
  class space    used 2384K, capacity 2560K, committed 2560K, reserved 1048576K
Event: 8.756 GC heap after
Heap after GC invocations=9 (full 1):
 PSYoungGen      total 146432K, used 0K [0x00000000d5f00000, 0x00000000dff00000, 0x0000000100000000)
  eden space 132096K, 0% used [0x00000000d5f00000,0x00000000d5f00000,0x00000000de000000)
  from space 14336K, 0% used [0x00000000def00000,0x00000000def00000,0x00000000dfd00000)
  to   space 15360K, 0% used [0x00000000de000000,0x00000000de000000,0x00000000def00000)
 ParOldGen       total 78848K, used 23855K [0x0000000081c00000, 0x0000000086900000, 0x00000000d5f00000)
  object space 78848K, 30% used [0x0000000081c00000,0x000000008334bee8,0x0000000086900000)
 Metaspace       used 20715K, capacity 21244K, committed 21248K, reserved 1069056K
  class space    used 2384K, capacity 2560K, committed 2560K, reserved 1048576K
}
Event: 13.507 GC heap before
{Heap before GC invocations=10 (full 1):
 PSYoungGen      total 146432K, used 132096K [0x00000000d5f00000, 0x00000000dff00000, 0x0000000100000000)
  eden space 132096K, 100% used [0x00000000d5f00000,0x00000000de000000,0x00000000de000000)
  from space 14336K, 0% used [0x00000000def00000,0x00000000def00000,0x00000000dfd00000)
  to   space 15360K, 0% used [0x00000000de000000,0x00000000de000000,0x00000000def00000)
 ParOldGen       total 78848K, used 23855K [0x0000000081c00000, 0x0000000086900000, 0x00000000d5f00000)
  object space 78848K, 30% used [0x0000000081c00000,0x000000008334bee8,0x0000000086900000)
 Metaspace       used 31777K, capacity 32336K, committed 32512K, reserved 1077248K
  class space    used 3532K, capacity 3717K, committed 3840K, reserved 1048576K
Event: 13.723 GC heap after
Heap after GC invocations=10 (full 1):
 PSYoungGen      total 147456K, used 15331K [0x00000000d5f00000, 0x00000000e3680000, 0x0000000100000000)
  eden space 132096K, 0% used [0x00000000d5f00000,0x00000000d5f00000,0x00000000de000000)
  from space 15360K, 99% used [0x00000000de000000,0x00000000deef8f08,0x00000000def00000)
  to   space 21504K, 0% used [0x00000000e2180000,0x00000000e2180000,0x00000000e3680000)
 ParOldGen       total 78848K, used 34400K [0x0000000081c00000, 0x0000000086900000, 0x00000000d5f00000)
  object space 78848K, 43% used [0x0000000081c00000,0x0000000083d98008,0x0000000086900000)
 Metaspace       used 31777K, capacity 32336K, committed 32512K, reserved 1077248K
  class space    used 3532K, capacity 3717K, committed 3840K, reserved 1048576K
}
Event: 20.579 GC heap before
{Heap before GC invocations=11 (full 1):
 PSYoungGen      total 147456K, used 147427K [0x00000000d5f00000, 0x00000000e3680000, 0x0000000100000000)
  eden space 132096K, 100% used [0x00000000d5f00000,0x00000000de000000,0x00000000de000000)
  from space 15360K, 99% used [0x00000000de000000,0x00000000deef8f08,0x00000000def00000)
  to   space 21504K, 0% used [0x00000000e2180000,0x00000000e2180000,0x00000000e3680000)
 ParOldGen       total 78848K, used 34400K [0x0000000081c00000, 0x0000000086900000, 0x00000000d5f00000)
  object space 78848K, 43% used [0x0000000081c00000,0x0000000083d98008,0x0000000086900000)
 Metaspace       used 33918K, capacity 34686K, committed 34944K, reserved 1081344K
  class space    used 3727K, capacity 3957K, committed 3968K, reserved 1048576K
Event: 20.626 GC heap after
Heap after GC invocations=11 (full 1):
 PSYoungGen      total 194560K, used 21491K [0x00000000d5f00000, 0x00000000e3b00000, 0x0000000100000000)
  eden space 173056K, 0% used [0x00000000d5f00000,0x00000000d5f00000,0x00000000e0800000)
  from space 21504K, 99% used [0x00000000e2180000,0x00000000e367cc08,0x00000000e3680000)
  to   space 26112K, 0% used [0x00000000e0800000,0x00000000e0800000,0x00000000e2180000)
 ParOldGen       total 78848K, used 38489K [0x0000000081c00000, 0x0000000086900000, 0x00000000d5f00000)
  object space 78848K, 48% used [0x0000000081c00000,0x00000000841966e0,0x0000000086900000)
 Metaspace       used 33918K, capacity 34686K, committed 34944K, reserved 1081344K
  class space    used 3727K, capacity 3957K, committed 3968K, reserved 1048576K
}
Event: 23.282 GC heap before
{Heap before GC invocations=12 (full 1):
 PSYoungGen      total 194560K, used 105047K [0x00000000d5f00000, 0x00000000e3b00000, 0x0000000100000000)
  eden space 173056K, 48% used [0x00000000d5f00000,0x00000000db0990b0,0x00000000e0800000)
  from space 21504K, 99% used [0x00000000e2180000,0x00000000e367cc08,0x00000000e3680000)
  to   space 26112K, 0% used [0x00000000e0800000,0x00000000e0800000,0x00000000e2180000)
 ParOldGen       total 78848K, used 38489K [0x0000000081c00000, 0x0000000086900000, 0x00000000d5f00000)
  object space 78848K, 48% used [0x0000000081c00000,0x00000000841966e0,0x0000000086900000)
 Metaspace       used 34495K, capacity 35286K, committed 35416K, reserved 1081344K
  class space    used 3783K, capacity 4029K, committed 4096K, reserved 1048576K
Event: 23.337 GC heap after
Heap after GC invocations=12 (full 1):
 PSYoungGen      total 199168K, used 4681K [0x00000000d5f00000, 0x00000000e6d00000, 0x0000000100000000)
  eden space 173056K, 0% used [0x00000000d5f00000,0x00000000d5f00000,0x00000000e0800000)
  from space 26112K, 17% used [0x00000000e0800000,0x00000000e0c92660,0x00000000e2180000)
  to   space 26112K, 0% used [0x00000000e5380000,0x00000000e5380000,0x00000000e6d00000)
 ParOldGen       total 78848K, used 57372K [0x0000000081c00000, 0x0000000086900000, 0x00000000d5f00000)
  object space 78848K, 72% used [0x0000000081c00000,0x0000000085407028,0x0000000086900000)
 Metaspace       used 34495K, capacity 35286K, committed 35416K, reserved 1081344K
  class space    used 3783K, capacity 4029K, committed 4096K, reserved 1048576K
}
Event: 23.337 GC heap before
{Heap before GC invocations=13 (full 2):
 PSYoungGen      total 199168K, used 4681K [0x00000000d5f00000, 0x00000000e6d00000, 0x0000000100000000)
  eden space 173056K, 0% used [0x00000000d5f00000,0x00000000d5f00000,0x00000000e0800000)
  from space 26112K, 17% used [0x00000000e0800000,0x00000000e0c92660,0x00000000e2180000)
  to   space 26112K, 0% used [0x00000000e5380000,0x00000000e5380000,0x00000000e6d00000)
 ParOldGen       total 78848K, used 57372K [0x0000000081c00000, 0x0000000086900000, 0x00000000d5f00000)
  object space 78848K, 72% used [0x0000000081c00000,0x0000000085407028,0x0000000086900000)
 Metaspace       used 34495K, capacity 35286K, committed 35416K, reserved 1081344K
  class space    used 3783K, capacity 4029K, committed 4096K, reserved 1048576K
Event: 23.752 GC heap after
Heap after GC invocations=13 (full 2):
 PSYoungGen      total 199168K, used 0K [0x00000000d5f00000, 0x00000000e6d00000, 0x0000000100000000)
  eden space 173056K, 0% used [0x00000000d5f00000,0x00000000d5f00000,0x00000000e0800000)
  from space 26112K, 0% used [0x00000000e0800000,0x00000000e0800000,0x00000000e2180000)
  to   space 26112K, 0% used [0x00000000e5380000,0x00000000e5380000,0x00000000e6d00000)
 ParOldGen       total 142848K, used 55497K [0x0000000081c00000, 0x000000008a780000, 0x00000000d5f00000)
  object space 142848K, 38% used [0x0000000081c00000,0x00000000852325b8,0x000000008a780000)
 Metaspace       used 34495K, capacity 35286K, committed 35416K, reserved 1081344K
  class space    used 3783K, capacity 4029K, committed 4096K, reserved 1048576K
}

